This file contains any messages produced by compilers while
running configure, to aid debugging if configure makes a mistake.

It was created by configure, which was
generated by GNU Autoconf 2.69.  Invocation command line was

  $ ./configure 

## --------- ##
## Platform. ##
## --------- ##

hostname = columPC
uname -m = x86_64
uname -r = 5.6.5-64
uname -s = Linux
uname -v = #2 SMP Sat Apr 18 12:03:37 BST 2020

/usr/bin/uname -p = unknown
/bin/uname -X     = unknown

/bin/arch              = unknown
/usr/bin/arch -k       = unknown
/usr/convex/getsysinfo = unknown
/usr/bin/hostinfo      = unknown
/bin/machine           = unknown
/usr/bin/oslevel       = unknown
/bin/universe          = unknown

PATH: /home/colum/.cargo/bin
PATH: /usr/prebin
PATH: /usr/local/bin
PATH: /usr/bin
PATH: /usr/X11R7/bin
PATH: /bin
PATH: /usr/games/bin
PATH: .
PATH: /opt/blender-2.79b/bin
PATH: /opt/boinc/bin
PATH: /opt/brlcad-7.26.4/bin
PATH: /opt/Csound-6.05/bin
PATH: /opt/Drawing/bin
PATH: /opt/FLTK/bin
PATH: /opt/games/bin
PATH: /opt/gdbm-1.14.1/bin
PATH: /opt/ghostscript-9.23/bin
PATH: /opt/ghostscript-9.53.0rc2/bin
PATH: /opt/git-2.17.0/bin
PATH: /opt/go-bootstrap/bin
PATH: /opt/lua-5.3.4/bin
PATH: /opt/lxc-3.0.1/bin
PATH: /opt/mingw32/bin
PATH: /opt/mono-6.12.0.90/bin
PATH: /opt/mujs-1.0.5/bin
PATH: /opt/netpbm-10.66.02/bin
PATH: /opt/nodejs/bin
PATH: /opt/opengl/bin
PATH: /opt/panda3d/bin
PATH: /opt/perl-5.24.1/bin
PATH: /opt/php-7.1.3/bin
PATH: /opt/Python-2.7.13/bin
PATH: /opt/Python-3.7.1/bin
PATH: /opt/qemu-5.2.1_SDL/bin
PATH: /opt/Qt5/bin
PATH: /opt/rustc-1.57.0/bin
PATH: /opt/samba-4.8.1/bin
PATH: /opt/schily/bin
PATH: /opt/SDL2/bin
PATH: /opt/SDL/bin
PATH: /opt/sound-studio/bin
PATH: /opt/tcl-8.6.8/bin
PATH: /opt/tinyscheme-1.41/bin
PATH: /opt/wine-6.0/bin


## ----------- ##
## Core tests. ##
## ----------- ##

configure:2081: checking for gcc
configure:2097: found /usr/bin/gcc
configure:2108: result: gcc
configure:2337: checking for C compiler version
configure:2346: gcc --version >&5
gcc (GCC) 11.2.0
Copyright (C) 2021 Free Software Foundation, Inc.
This is free software; see the source for copying conditions.  There is NO
warranty; not even for MERCHANTABILITY or FITNESS FOR A PARTICULAR PURPOSE.

configure:2357: $? = 0
configure:2346: gcc -v >&5
Using built-in specs.
COLLECT_GCC=gcc
COLLECT_LTO_WRAPPER=/usr/libexec/gcc/i486-pc-linux-gnu/11.2.0/lto-wrapper
Target: i486-pc-linux-gnu
Configured with: ../gcc-11.2.0/configure --prefix=/usr --sysconfdir=/etc --localstatedir=/var --enable-languages=c,c++,go --target=i486-pc-linux-gnu --build=i486-pc-linux-gnu --host=i486-pc-linux-gnu
Thread model: posix
Supported LTO compression algorithms: zlib
gcc version 11.2.0 (GCC) 
configure:2357: $? = 0
configure:2346: gcc -V >&5
gcc: error: unrecognized command-line option '-V'
gcc: fatal error: no input files
compilation terminated.
configure:2357: $? = 1
configure:2346: gcc -qversion >&5
gcc: error: unrecognized command-line option '-qversion'; did you mean '--version'?
gcc: fatal error: no input files
compilation terminated.
configure:2357: $? = 1
configure:2377: checking whether the C compiler works
configure:2399: gcc    conftest.c  >&5
configure:2403: $? = 0
configure:2451: result: yes
configure:2454: checking for C compiler default output file name
configure:2456: result: a.out
configure:2462: checking for suffix of executables
configure:2469: gcc -o conftest    conftest.c  >&5
configure:2473: $? = 0
configure:2495: result: 
configure:2517: checking whether we are cross compiling
configure:2525: gcc -o conftest    conftest.c  >&5
configure:2529: $? = 0
configure:2536: ./conftest
configure:2540: $? = 0
configure:2555: result: no
configure:2560: checking for suffix of object files
configure:2582: gcc -c   conftest.c >&5
configure:2586: $? = 0
configure:2607: result: o
configure:2611: checking whether we are using the GNU C compiler
configure:2630: gcc -c   conftest.c >&5
configure:2630: $? = 0
configure:2639: result: yes
configure:2648: checking whether gcc accepts -g
configure:2668: gcc -c -g  conftest.c >&5
configure:2668: $? = 0
configure:2709: result: yes
configure:2726: checking for gcc option to accept ISO C89
configure:2789: gcc  -c -g -O2  conftest.c >&5
configure:2789: $? = 0
configure:2802: result: none needed
configure:2828: checking whether make sets $(MAKE)
configure:2850: result: yes
configure:2902: checking for a BSD-compatible install
configure:2970: result: /bin/install -c
configure:2987: checking how to run the C preprocessor
configure:3018: gcc -E  conftest.c
configure:3018: $? = 0
configure:3032: gcc -E  conftest.c
conftest.c:9:10: fatal error: ac_nonexistent.h: No such file or directory
    9 | #include <ac_nonexistent.h>
      |          ^~~~~~~~~~~~~~~~~~
compilation terminated.
configure:3032: $? = 1
configure: failed program was:
| /* confdefs.h */
| #define PACKAGE_NAME ""
| #define PACKAGE_TARNAME ""
| #define PACKAGE_VERSION ""
| #define PACKAGE_STRING ""
| #define PACKAGE_BUGREPORT ""
| #define PACKAGE_URL ""
| /* end confdefs.h.  */
| #include <ac_nonexistent.h>
configure:3057: result: gcc -E
configure:3077: gcc -E  conftest.c
configure:3077: $? = 0
configure:3091: gcc -E  conftest.c
conftest.c:9:10: fatal error: ac_nonexistent.h: No such file or directory
    9 | #include <ac_nonexistent.h>
      |          ^~~~~~~~~~~~~~~~~~
compilation terminated.
configure:3091: $? = 1
configure: failed program was:
| /* confdefs.h */
| #define PACKAGE_NAME ""
| #define PACKAGE_TARNAME ""
| #define PACKAGE_VERSION ""
| #define PACKAGE_STRING ""
| #define PACKAGE_BUGREPORT ""
| #define PACKAGE_URL ""
| /* end confdefs.h.  */
| #include <ac_nonexistent.h>
configure:3120: checking for grep that handles long lines and -e
configure:3178: result: /bin/grep
configure:3183: checking for egrep
configure:3245: result: /bin/grep -E
configure:3250: checking for ANSI C header files
configure:3270: gcc -c -g -O2  conftest.c >&5
configure:3270: $? = 0
configure:3343: gcc -o conftest -g -O2   conftest.c  >&5
configure:3343: $? = 0
configure:3343: ./conftest
configure:3343: $? = 0
configure:3354: result: yes
configure:3369: checking for special C compiler options needed for large files
configure:3414: result: no
configure:3420: checking for _FILE_OFFSET_BITS value needed for large files
configure:3445: gcc -c -g -O2  conftest.c >&5
conftest.c:15:33: warning: left shift count >= width of type [-Wshift-count-overflow]
   15 | #define LARGE_OFF_T (((off_t) 1 << 62) - 1 + ((off_t) 1 << 62))
      |                                 ^~
conftest.c:16:23: note: in expansion of macro 'LARGE_OFF_T'
   16 |   int off_t_is_large[(LARGE_OFF_T % 2147483629 == 721
      |                       ^~~~~~~~~~~
conftest.c:15:57: warning: left shift count >= width of type [-Wshift-count-overflow]
   15 | #define LARGE_OFF_T (((off_t) 1 << 62) - 1 + ((off_t) 1 << 62))
      |                                                         ^~
conftest.c:16:23: note: in expansion of macro 'LARGE_OFF_T'
   16 |   int off_t_is_large[(LARGE_OFF_T % 2147483629 == 721
      |                       ^~~~~~~~~~~
conftest.c:15:33: warning: left shift count >= width of type [-Wshift-count-overflow]
   15 | #define LARGE_OFF_T (((off_t) 1 << 62) - 1 + ((off_t) 1 << 62))
      |                                 ^~
conftest.c:17:27: note: in expansion of macro 'LARGE_OFF_T'
   17 |                        && LARGE_OFF_T % 2147483647 == 1)
      |                           ^~~~~~~~~~~
conftest.c:15:57: warning: left shift count >= width of type [-Wshift-count-overflow]
   15 | #define LARGE_OFF_T (((off_t) 1 << 62) - 1 + ((off_t) 1 << 62))
      |                                                         ^~
conftest.c:17:27: note: in expansion of macro 'LARGE_OFF_T'
   17 |                        && LARGE_OFF_T % 2147483647 == 1)
      |                           ^~~~~~~~~~~
conftest.c:16:7: error: variably modified 'off_t_is_large' at file scope
   16 |   int off_t_is_large[(LARGE_OFF_T % 2147483629 == 721
      |       ^~~~~~~~~~~~~~
configure:3445: $? = 1
configure: failed program was:
| /* confdefs.h */
| #define PACKAGE_NAME ""
| #define PACKAGE_TARNAME ""
| #define PACKAGE_VERSION ""
| #define PACKAGE_STRING ""
| #define PACKAGE_BUGREPORT ""
| #define PACKAGE_URL ""
| #define STDC_HEADERS 1
| /* end confdefs.h.  */
| #include <sys/types.h>
|  /* Check that off_t can represent 2**63 - 1 correctly.
|     We can't simply define LARGE_OFF_T to be 9223372036854775807,
|     since some C++ compilers masquerading as C compilers
|     incorrectly reject 9223372036854775807.  */
| #define LARGE_OFF_T (((off_t) 1 << 62) - 1 + ((off_t) 1 << 62))
|   int off_t_is_large[(LARGE_OFF_T % 2147483629 == 721
| 		       && LARGE_OFF_T % 2147483647 == 1)
| 		      ? 1 : -1];
| int
| main ()
| {
| 
|   ;
|   return 0;
| }
configure:3469: gcc -c -g -O2  conftest.c >&5
configure:3469: $? = 0
configure:3477: result: 64
configure:3666: checking for crypt in -lcrypt
configure:3691: gcc -o conftest -g -O2   conftest.c -lcrypt   >&5
configure:3691: $? = 0
configure:3700: result: yes
configure:3718: checking for sys/types.h
configure:3718: gcc -c -g -O2  conftest.c >&5
configure:3718: $? = 0
configure:3718: result: yes
configure:3718: checking for sys/stat.h
configure:3718: gcc -c -g -O2  conftest.c >&5
configure:3718: $? = 0
configure:3718: result: yes
configure:3718: checking for stdlib.h
configure:3718: gcc -c -g -O2  conftest.c >&5
configure:3718: $? = 0
configure:3718: result: yes
configure:3718: checking for string.h
configure:3718: gcc -c -g -O2  conftest.c >&5
configure:3718: $? = 0
configure:3718: result: yes
configure:3718: checking for memory.h
configure:3718: gcc -c -g -O2  conftest.c >&5
configure:3718: $? = 0
configure:3718: result: yes
configure:3718: checking for strings.h
configure:3718: gcc -c -g -O2  conftest.c >&5
configure:3718: $? = 0
configure:3718: result: yes
configure:3718: checking for inttypes.h
configure:3718: gcc -c -g -O2  conftest.c >&5
configure:3718: $? = 0
configure:3718: result: yes
configure:3718: checking for stdint.h
configure:3718: gcc -c -g -O2  conftest.c >&5
configure:3718: $? = 0
configure:3718: result: yes
configure:3718: checking for unistd.h
configure:3718: gcc -c -g -O2  conftest.c >&5
configure:3718: $? = 0
configure:3718: result: yes
configure:3730: checking shadow.h usability
configure:3730: gcc -c -g -O2  conftest.c >&5
configure:3730: $? = 0
configure:3730: result: yes
configure:3730: checking shadow.h presence
configure:3730: gcc -E  conftest.c
configure:3730: $? = 0
configure:3730: result: yes
configure:3730: checking for shadow.h
configure:3730: result: yes
configure:4134: creating ./config.status

## ---------------------- ##
## Running config.status. ##
## ---------------------- ##

This file was extended by config.status, which was
generated by GNU Autoconf 2.69.  Invocation command line was

  CONFIG_FILES    = 
  CONFIG_HEADERS  = 
  CONFIG_LINKS    = 
  CONFIG_COMMANDS = 
  $ ./config.status 

on columPC

config.status:730: creating Makefile
configure:5211: === configuring in libUseful (/home/colum/work/munshin/libUseful)
configure:5274: running /bin/sh ./configure --disable-option-checking '--prefix=/usr/local'  --cache-file=/dev/null --srcdir=.

## ---------------- ##
## Cache variables. ##
## ---------------- ##

ac_cv_c_compiler_gnu=yes
ac_cv_env_CC_set=
ac_cv_env_CC_value=
ac_cv_env_CFLAGS_set=
ac_cv_env_CFLAGS_value=
ac_cv_env_CPPFLAGS_set=
ac_cv_env_CPPFLAGS_value=
ac_cv_env_CPP_set=
ac_cv_env_CPP_value=
ac_cv_env_LDFLAGS_set=
ac_cv_env_LDFLAGS_value=
ac_cv_env_LIBS_set=
ac_cv_env_LIBS_value=
ac_cv_env_build_alias_set=
ac_cv_env_build_alias_value=
ac_cv_env_host_alias_set=
ac_cv_env_host_alias_value=
ac_cv_env_target_alias_set=
ac_cv_env_target_alias_value=
ac_cv_header_inttypes_h=yes
ac_cv_header_memory_h=yes
ac_cv_header_shadow_h=yes
ac_cv_header_stdc=yes
ac_cv_header_stdint_h=yes
ac_cv_header_stdlib_h=yes
ac_cv_header_string_h=yes
ac_cv_header_strings_h=yes
ac_cv_header_sys_stat_h=yes
ac_cv_header_sys_types_h=yes
ac_cv_header_unistd_h=yes
ac_cv_lib_crypt_crypt=yes
ac_cv_objext=o
ac_cv_path_EGREP='/bin/grep -E'
ac_cv_path_GREP=/bin/grep
ac_cv_path_install='/bin/install -c'
ac_cv_prog_CPP='gcc -E'
ac_cv_prog_ac_ct_CC=gcc
ac_cv_prog_cc_c89=
ac_cv_prog_cc_g=yes
ac_cv_prog_make_make_set=yes
ac_cv_sys_file_offset_bits=64
ac_cv_sys_largefile_CC=no

## ----------------- ##
## Output variables. ##
## ----------------- ##

CC='gcc'
CFLAGS='-g -O2'
CPP='gcc -E'
CPPFLAGS=''
DEFS='-DPACKAGE_NAME=\"\" -DPACKAGE_TARNAME=\"\" -DPACKAGE_VERSION=\"\" -DPACKAGE_STRING=\"\" -DPACKAGE_BUGREPORT=\"\" -DPACKAGE_URL=\"\" -DSTDC_HEADERS=1 -D_FILE_OFFSET_BITS=64 -DHAVE_LIBCRYPT=1 -DHAVE_SYS_TYPES_H=1 -DHAVE_SYS_STAT_H=1 -DHAVE_STDLIB_H=1 -DHAVE_STRING_H=1 -DHAVE_MEMORY_H=1 -DHAVE_STRINGS_H=1 -DHAVE_INTTYPES_H=1 -DHAVE_STDINT_H=1 -DHAVE_UNISTD_H=1 -DHAVE_SHADOW_H=1'
ECHO_C=''
ECHO_N='-n'
ECHO_T=''
EGREP='/bin/grep -E'
EXEEXT=''
GREP='/bin/grep'
INSTALL_DATA='${INSTALL} -m 644'
INSTALL_PROGRAM='${INSTALL}'
INSTALL_SCRIPT='${INSTALL}'
LDFLAGS=''
LIBOBJS=''
LIBS='-lcrypt '
LTLIBOBJS=''
OBJEXT='o'
PACKAGE_BUGREPORT=''
PACKAGE_NAME=''
PACKAGE_STRING=''
PACKAGE_TARNAME=''
PACKAGE_URL=''
PACKAGE_VERSION=''
PATH_SEPARATOR=':'
SET_MAKE=''
SHELL='/bin/sh'
STATIC_LIBS='libUseful/libUseful.a'
ac_ct_CC='gcc'
bindir='${exec_prefix}/bin'
build_alias=''
datadir='${datarootdir}'
datarootdir='${prefix}/share'
docdir='${datarootdir}/doc/${PACKAGE}'
dvidir='${docdir}'
exec_prefix='${prefix}'
host_alias=''
htmldir='${docdir}'
includedir='${prefix}/include'
infodir='${datarootdir}/info'
libdir='${exec_prefix}/lib'
libexecdir='${exec_prefix}/libexec'
localedir='${datarootdir}/locale'
localstatedir='${prefix}/var'
mandir='${datarootdir}/man'
oldincludedir='/usr/include'
pdfdir='${docdir}'
prefix='/usr/local'
program_transform_name='s,x,x,'
psdir='${docdir}'
sbindir='${exec_prefix}/sbin'
sharedstatedir='${prefix}/com'
subdirs=' libUseful'
sysconfdir='${prefix}/etc'
target_alias=''

## ----------- ##
## confdefs.h. ##
## ----------- ##

/* confdefs.h */
#define PACKAGE_NAME ""
#define PACKAGE_TARNAME ""
#define PACKAGE_VERSION ""
#define PACKAGE_STRING ""
#define PACKAGE_BUGREPORT ""
#define PACKAGE_URL ""
#define STDC_HEADERS 1
#define _FILE_OFFSET_BITS 64
#define HAVE_LIBCRYPT 1
#define HAVE_SYS_TYPES_H 1
#define HAVE_SYS_STAT_H 1
#define HAVE_STDLIB_H 1
#define HAVE_STRING_H 1
#define HAVE_MEMORY_H 1
#define HAVE_STRINGS_H 1
#define HAVE_INTTYPES_H 1
#define HAVE_STDINT_H 1
#define HAVE_UNISTD_H 1
#define HAVE_SHADOW_H 1

configure: exit 0
